<?xml version="1.0" encoding="UTF-8"?>
<testsuites name="LeaveRequestAndApprove" time="76.3" tests="2" failures="0" errors="0">
   <testsuite name="LeaveRequestAndApprove" tests="2" failures="0" errors="0" time="76.3" timestamp="2020-09-24 17:59:25" hostname="LENOVO - DESKTOP-QICBNPV" id="Test Suites/LeaveRequestAndApprove">
      <properties>
         <property name="deviceName" value=""/>
         <property name="devicePlatform" value=""/>
         <property name="logFolder" value="D:\\TESTING\\AUTOMATION_TESTING\\HRMS\\Reports\\20200924_175922\\LeaveRequestAndApprove\\20200924_175922"/>
         <property name="logFiles" value="D:\\TESTING\\AUTOMATION_TESTING\\HRMS\\Reports\\20200924_175922\\LeaveRequestAndApprove\\20200924_175922\\execution0.log"/>
         <property name="attachments" value=""/>
         <property name="hostName" value="LENOVO - DESKTOP-QICBNPV"/>
         <property name="os" value="Windows 10 64bit"/>
         <property name="katalonVersion" value="7.2.1.1"/>
         <property name="browser" value="Chrome 85.0.4183.121"/>
         <property name="hostAddress" value="192.168.101.9"/>
         <property name="sessionId" value="ee2f4659f305466481d17dc86247557a"/>
         <property name="seleniumVersion" value="3.141.59"/>
         <property name="proxyInformation" value="ProxyInformation{proxyOption=NO_PROXY, proxyServerType=HTTP, password=, proxyServerAddress=, proxyServerPort=0, executionList=}"/>
         <property name="platform" value="Windows 10"/>
      </properties>
      <testcase name="Test Cases/LeaveModule/LeaveRequest" time="36.027" classname="Test Cases/LeaveModule/LeaveRequest" status="PASSED">
         <system-out><![CDATA[2020-09-24 17:59:25 - [TEST_CASE][PASSED] - Test Cases/LeaveModule/LeaveRequest: Test Cases/LeaveModule/LeaveRequest

2020-09-24 17:59:26 - [TEST_STEP][PASSED] - openBrowser(""): Browser is opened with url: ''

2020-09-24 17:59:27 - [MESSAGE][INFO] - Starting 'Chrome' driver

2020-09-24 17:59:27 - [MESSAGE][INFO] - Action delay is set to 0 seconds

2020-09-24 17:59:33 - [MESSAGE][PASSED] - Browser is opened with url: ''

2020-09-24 17:59:33 - [TEST_STEP][PASSED] - navigateToUrl("https://test.ahtaroo.com/#/login"): Navigate to 'https://test.ahtaroo.com/#/login' successfully

2020-09-24 17:59:48 - [MESSAGE][PASSED] - Navigate to 'https://test.ahtaroo.com/#/login' successfully

2020-09-24 17:59:48 - [TEST_STEP][PASSED] - setText(findTestObject("Object Repository/LeaveModule/LeaveRequest/Page_HRMS/input_HRMS_username"), "htunlukhant"): Text 'htunlukhant' is set on object 'Object Repository/LeaveModule/LeaveRequest/Page_HRMS/input_HRMS_username'

2020-09-24 17:59:49 - [MESSAGE][PASSED] - Text 'htunlukhant' is set on object 'Object Repository/LeaveModule/LeaveRequest/Page_HRMS/input_HRMS_username'

2020-09-24 17:59:49 - [TEST_STEP][PASSED] - setEncryptedText(findTestObject("Object Repository/LeaveModule/LeaveRequest/Page_HRMS/input_HRMS_password"), "tR+yPLK5N5TO48zpsW01Kw=="): Text ****** has been set on object 'Object Repository/LeaveModule/LeaveRequest/Page_HRMS/input_HRMS_password'

2020-09-24 17:59:49 - [MESSAGE][PASSED] - Text ****** has been set on object 'Object Repository/LeaveModule/LeaveRequest/Page_HRMS/input_HRMS_password'

2020-09-24 17:59:49 - [TEST_STEP][PASSED] - click(findTestObject("Object Repository/LeaveModule/LeaveRequest/Page_HRMS/button_Login")): Object: 'Object Repository/LeaveModule/LeaveRequest/Page_HRMS/button_Login' is clicked on

2020-09-24 17:59:50 - [MESSAGE][PASSED] - Object: 'Object Repository/LeaveModule/LeaveRequest/Page_HRMS/button_Login' is clicked on

2020-09-24 17:59:50 - [TEST_STEP][PASSED] - maximizeWindow(): Current window maximized

2020-09-24 17:59:52 - [MESSAGE][PASSED] - Current window maximized

2020-09-24 17:59:52 - [TEST_STEP][PASSED] - click(findTestObject("Object Repository/LeaveModule/LeaveRequest/Page_HRMS/p_Request leave")): Object: 'Object Repository/LeaveModule/LeaveRequest/Page_HRMS/p_Request leave' is clicked on

2020-09-24 17:59:53 - [MESSAGE][PASSED] - Object: 'Object Repository/LeaveModule/LeaveRequest/Page_HRMS/p_Request leave' is clicked on

2020-09-24 17:59:53 - [TEST_STEP][PASSED] - click(findTestObject("Object Repository/LeaveModule/LeaveRequest/Page_HRMS/span_")): Object: 'Object Repository/LeaveModule/LeaveRequest/Page_HRMS/span_' is clicked on

2020-09-24 17:59:55 - [MESSAGE][PASSED] - Object: 'Object Repository/LeaveModule/LeaveRequest/Page_HRMS/span_' is clicked on

2020-09-24 17:59:55 - [TEST_STEP][PASSED] - click(findTestObject("Object Repository/LeaveModule/LeaveRequest/Page_HRMS/span_Leave Without Pay(5 days)")): Object: 'Object Repository/LeaveModule/LeaveRequest/Page_HRMS/span_Leave Without Pay(5 days)' is clicked on

2020-09-24 17:59:56 - [MESSAGE][PASSED] - Object: 'Object Repository/LeaveModule/LeaveRequest/Page_HRMS/span_Leave Without Pay(5 days)' is clicked on

2020-09-24 17:59:56 - [TEST_STEP][PASSED] - click(findTestObject("Object Repository/LeaveModule/LeaveRequest/Page_HRMS/input_Leave Type_dateRange")): Object: 'Object Repository/LeaveModule/LeaveRequest/Page_HRMS/input_Leave Type_dateRange' is clicked on

2020-09-24 17:59:57 - [MESSAGE][PASSED] - Object: 'Object Repository/LeaveModule/LeaveRequest/Page_HRMS/input_Leave Type_dateRange' is clicked on

2020-09-24 17:59:57 - [TEST_STEP][PASSED] - doubleClick(findTestObject("Object Repository/LeaveModule/LeaveRequest/Page_HRMS/td_3")): Object: 'Object Repository/LeaveModule/LeaveRequest/Page_HRMS/td_3' is double clicked on

2020-09-24 17:59:58 - [MESSAGE][PASSED] - Object: 'Object Repository/LeaveModule/LeaveRequest/Page_HRMS/td_3' is double clicked on

2020-09-24 17:59:58 - [TEST_STEP][PASSED] - click(findTestObject("Object Repository/LeaveModule/LeaveRequest/Page_HRMS/input_Second Half_mat-input-2")): Object: 'Object Repository/LeaveModule/LeaveRequest/Page_HRMS/input_Second Half_mat-input-2' is clicked on

2020-09-24 17:59:58 - [MESSAGE][PASSED] - Object: 'Object Repository/LeaveModule/LeaveRequest/Page_HRMS/input_Second Half_mat-input-2' is clicked on

2020-09-24 17:59:58 - [TEST_STEP][PASSED] - click(findTestObject("Object Repository/LeaveModule/LeaveRequest/Page_HRMS/span_Kyawt Kalyar Tin")): Object: 'Object Repository/LeaveModule/LeaveRequest/Page_HRMS/span_Kyawt Kalyar Tin' is clicked on

2020-09-24 17:59:59 - [MESSAGE][PASSED] - Object: 'Object Repository/LeaveModule/LeaveRequest/Page_HRMS/span_Kyawt Kalyar Tin' is clicked on

2020-09-24 17:59:59 - [TEST_STEP][PASSED] - setText(findTestObject("Object Repository/LeaveModule/LeaveRequest/Page_HRMS/textarea_Relieving person_leaveReason"), "-to attend business management"): Text '-to attend business management' is set on object 'Object Repository/LeaveModule/LeaveRequest/Page_HRMS/textarea_Relieving person_leaveReason'

2020-09-24 18:00:00 - [MESSAGE][PASSED] - Text '-to attend business management' is set on object 'Object Repository/LeaveModule/LeaveRequest/Page_HRMS/textarea_Relieving person_leaveReason'

2020-09-24 18:00:00 - [TEST_STEP][PASSED] - click(findTestObject("Object Repository/LeaveModule/LeaveRequest/Page_HRMS/button_Submit")): Object: 'Object Repository/LeaveModule/LeaveRequest/Page_HRMS/button_Submit' is clicked on

2020-09-24 18:00:00 - [MESSAGE][PASSED] - Object: 'Object Repository/LeaveModule/LeaveRequest/Page_HRMS/button_Submit' is clicked on

2020-09-24 18:00:00 - [TEST_STEP][PASSED] - delay(1): Delayed 1 second(s)

2020-09-24 18:00:01 - [MESSAGE][PASSED] - Delayed 1 second(s)]]></system-out>
         <system-err><![CDATA[]]></system-err>
      </testcase>
      <testcase name="Test Cases/LeaveModule/ApprovedBySupervisor" time="39.097" classname="Test Cases/LeaveModule/ApprovedBySupervisor" status="PASSED">
         <system-out><![CDATA[2020-09-24 18:00:01 - [TEST_CASE][PASSED] - Test Cases/LeaveModule/ApprovedBySupervisor: Test Cases/LeaveModule/ApprovedBySupervisor

2020-09-24 18:00:01 - [TEST_STEP][PASSED] - openBrowser(""): Browser is opened with url: ''

2020-09-24 18:00:01 - [MESSAGE][WARNING] - A browser is already opened. Closing browser and opening a new one

2020-09-24 18:00:02 - [MESSAGE][INFO] - Starting 'Chrome' driver

2020-09-24 18:00:06 - [MESSAGE][PASSED] - Browser is opened with url: ''

2020-09-24 18:00:06 - [TEST_STEP][PASSED] - navigateToUrl("https://test.ahtaroo.com/#/login"): Navigate to 'https://test.ahtaroo.com/#/login' successfully

2020-09-24 18:00:34 - [MESSAGE][PASSED] - Navigate to 'https://test.ahtaroo.com/#/login' successfully

2020-09-24 18:00:34 - [TEST_STEP][PASSED] - setText(findTestObject("Object Repository/LeaveModule/ApprovedBySupervisor/Page_HRMS/input_HRMS_username"), "sma"): Text 'sma' is set on object 'Object Repository/LeaveModule/ApprovedBySupervisor/Page_HRMS/input_HRMS_username'

2020-09-24 18:00:35 - [MESSAGE][PASSED] - Text 'sma' is set on object 'Object Repository/LeaveModule/ApprovedBySupervisor/Page_HRMS/input_HRMS_username'

2020-09-24 18:00:35 - [TEST_STEP][PASSED] - setEncryptedText(findTestObject("Object Repository/LeaveModule/ApprovedBySupervisor/Page_HRMS/input_HRMS_password"), "tR+yPLK5N5TO48zpsW01Kw=="): Text ****** has been set on object 'Object Repository/LeaveModule/ApprovedBySupervisor/Page_HRMS/input_HRMS_password'

2020-09-24 18:00:36 - [MESSAGE][PASSED] - Text ****** has been set on object 'Object Repository/LeaveModule/ApprovedBySupervisor/Page_HRMS/input_HRMS_password'

2020-09-24 18:00:36 - [TEST_STEP][PASSED] - click(findTestObject("Object Repository/LeaveModule/ApprovedBySupervisor/Page_HRMS/button_Login")): Object: 'Object Repository/LeaveModule/ApprovedBySupervisor/Page_HRMS/button_Login' is clicked on

2020-09-24 18:00:36 - [MESSAGE][PASSED] - Object: 'Object Repository/LeaveModule/ApprovedBySupervisor/Page_HRMS/button_Login' is clicked on

2020-09-24 18:00:36 - [TEST_STEP][PASSED] - maximizeWindow(): Current window maximized

2020-09-24 18:00:38 - [MESSAGE][PASSED] - Current window maximized

2020-09-24 18:00:38 - [TEST_STEP][PASSED] - click(findTestObject("Object Repository/LeaveModule/ApprovedBySupervisor/Page_HRMS/p_Leave pending approval")): Object: 'Object Repository/LeaveModule/ApprovedBySupervisor/Page_HRMS/p_Leave pending approval' is clicked on

2020-09-24 18:00:39 - [MESSAGE][PASSED] - Object: 'Object Repository/LeaveModule/ApprovedBySupervisor/Page_HRMS/p_Leave pending approval' is clicked on

2020-09-24 18:00:39 - [TEST_STEP][PASSED] - click(findTestObject("Object Repository/LeaveModule/ApprovedBySupervisor/Page_HRMS/button_Approve")): Object: 'Object Repository/LeaveModule/ApprovedBySupervisor/Page_HRMS/button_Approve' is clicked on

2020-09-24 18:00:40 - [MESSAGE][PASSED] - Object: 'Object Repository/LeaveModule/ApprovedBySupervisor/Page_HRMS/button_Approve' is clicked on]]></system-out>
         <system-err><![CDATA[]]></system-err>
      </testcase>
      <system-out><![CDATA[2020-09-24 17:59:25 - [TEST_SUITE][PASSED] - LeaveRequestAndApprove: Test Cases/LeaveModule/ApprovedBySupervisor]]></system-out>
      <system-err><![CDATA[]]></system-err>
   </testsuite>
</testsuites>
